<?xml version="1.0" encoding="UTF-8"?>
<coverage generated="1720675714008" clover="3.2.0">
  <project timestamp="1720675714008" name="All files">
    <metrics statements="32" coveredstatements="21" conditionals="11" coveredconditionals="2" methods="7" coveredmethods="5" elements="50" coveredelements="28" complexity="0" loc="32" ncloc="32" packages="1" files="2" classes="2"/>
    <file name="index.ts" path="C:\Users\lligu\GitHub\matterbridge-eve-door\src\index.ts">
      <metrics statements="1" coveredstatements="1" conditionals="0" coveredconditionals="0" methods="1" coveredmethods="1"/>
      <line num="12" count="1" type="stmt"/>
    </file>
    <file name="platform.ts" path="C:\Users\lligu\GitHub\matterbridge-eve-door\src\platform.ts">
      <metrics statements="31" coveredstatements="20" conditionals="11" coveredconditionals="2" methods="6" coveredmethods="4"/>
      <line num="11" count="6" type="stmt"/>
      <line num="12" count="6" type="stmt"/>
      <line num="16" count="1" type="cond" truecount="1" falsecount="1"/>
      <line num="18" count="1" type="stmt"/>
      <line num="20" count="1" type="stmt"/>
      <line num="21" count="1" type="stmt"/>
      <line num="22" count="1" type="stmt"/>
      <line num="23" count="1" type="stmt"/>
      <line num="25" count="1" type="stmt"/>
      <line num="26" count="1" type="stmt"/>
      <line num="29" count="1" type="stmt"/>
      <line num="30" count="1" type="stmt"/>
      <line num="32" count="1" type="stmt"/>
      <line num="34" count="1" type="stmt"/>
      <line num="35" count="0" type="stmt"/>
      <line num="36" count="0" type="stmt"/>
      <line num="41" count="1" type="stmt"/>
      <line num="43" count="1" type="stmt"/>
      <line num="45" count="0" type="cond" truecount="0" falsecount="3"/>
      <line num="46" count="0" type="stmt"/>
      <line num="47" count="0" type="stmt"/>
      <line num="48" count="0" type="stmt"/>
      <line num="49" count="0" type="stmt"/>
      <line num="50" count="0" type="cond" truecount="0" falsecount="1"/>
      <line num="51" count="0" type="stmt"/>
      <line num="52" count="0" type="cond" truecount="0" falsecount="2"/>
      <line num="53" count="0" type="stmt"/>
      <line num="60" count="1" type="cond" truecount="1" falsecount="1"/>
      <line num="61" count="1" type="stmt"/>
      <line num="62" count="1" type="stmt"/>
      <line num="63" count="1" type="cond" truecount="0" falsecount="1"/>
    </file>
  </project>
</coverage>
