{"C:\\Users\\lligu\\GitHub\\matterbridge-eve-door\\src\\index.ts": {"path":"C:\\Users\\lligu\\GitHub\\matterbridge-eve-door\\src\\index.ts","statementMap":{"0":{"start":{"line":12,"column":2},"end":{"line":12,"column":56}}},"fnMap":{"0":{"name":"initializePlugin","decl":{"start":{"line":11,"column":24},"end":{"line":11,"column":40}},"loc":{"start":{"line":11,"column":108},"end":{"line":13,"column":1}}}},"branchMap":{},"s":{"0":1},"f":{"0":1},"b":{}}
,"C:\\Users\\lligu\\GitHub\\matterbridge-eve-door\\src\\platform.ts": {"path":"C:\\Users\\lligu\\GitHub\\matterbridge-eve-door\\src\\platform.ts","statementMap":{"0":{"start":{"line":11,"column":4},"end":{"line":11,"column":37}},"1":{"start":{"line":12,"column":4},"end":{"line":12,"column":62}},"2":{"start":{"line":16,"column":4},"end":{"line":16,"column":67}},"3":{"start":{"line":18,"column":4},"end":{"line":18,"column":114}},"4":{"start":{"line":20,"column":4},"end":{"line":20,"column":67}},"5":{"start":{"line":21,"column":4},"end":{"line":21,"column":51}},"6":{"start":{"line":22,"column":4},"end":{"line":22,"column":145}},"7":{"start":{"line":23,"column":4},"end":{"line":23,"column":59}},"8":{"start":{"line":25,"column":4},"end":{"line":25,"column":41}},"9":{"start":{"line":26,"column":4},"end":{"line":26,"column":74}},"10":{"start":{"line":29,"column":4},"end":{"line":29,"column":72}},"11":{"start":{"line":30,"column":4},"end":{"line":30,"column":38}},"12":{"start":{"line":32,"column":4},"end":{"line":32,"column":41}},"13":{"start":{"line":34,"column":4},"end":{"line":37,"column":7}},"14":{"start":{"line":35,"column":6},"end":{"line":35,"column":76}},"15":{"start":{"line":36,"column":6},"end":{"line":36,"column":38}},"16":{"start":{"line":41,"column":4},"end":{"line":41,"column":40}},"17":{"start":{"line":43,"column":4},"end":{"line":56,"column":6}},"18":{"start":{"line":45,"column":8},"end":{"line":45,"column":48}},"19":{"start":{"line":45,"column":41},"end":{"line":45,"column":48}},"20":{"start":{"line":46,"column":22},"end":{"line":46,"column":103}},"21":{"start":{"line":47,"column":8},"end":{"line":47,"column":27}},"22":{"start":{"line":48,"column":8},"end":{"line":48,"column":97}},"23":{"start":{"line":49,"column":8},"end":{"line":49,"column":114}},"24":{"start":{"line":50,"column":8},"end":{"line":50,"column":63}},"25":{"start":{"line":50,"column":31},"end":{"line":50,"column":63}},"26":{"start":{"line":51,"column":8},"end":{"line":51,"column":36}},"27":{"start":{"line":52,"column":8},"end":{"line":52,"column":95}},"28":{"start":{"line":53,"column":8},"end":{"line":53,"column":51}},"29":{"start":{"line":60,"column":4},"end":{"line":60,"column":70}},"30":{"start":{"line":61,"column":4},"end":{"line":61,"column":32}},"31":{"start":{"line":62,"column":4},"end":{"line":62,"column":33}},"32":{"start":{"line":63,"column":4},"end":{"line":63,"column":85}},"33":{"start":{"line":63,"column":51},"end":{"line":63,"column":85}}},"fnMap":{"0":{"name":"(anonymous_0)","decl":{"start":{"line":10,"column":2},"end":{"line":10,"column":14}},"loc":{"start":{"line":10,"column":81},"end":{"line":13,"column":3}}},"1":{"name":"(anonymous_1)","decl":{"start":{"line":15,"column":11},"end":{"line":15,"column":16}},"loc":{"start":{"line":15,"column":40},"end":{"line":38,"column":3}}},"2":{"name":"(anonymous_2)","decl":{"start":{"line":34,"column":44},"end":{"line":34,"column":49}},"loc":{"start":{"line":34,"column":84},"end":{"line":37,"column":5}}},"3":{"name":"(anonymous_3)","decl":{"start":{"line":40,"column":11},"end":{"line":40,"column":16}},"loc":{"start":{"line":40,"column":28},"end":{"line":57,"column":3}}},"4":{"name":"(anonymous_4)","decl":{"start":{"line":44,"column":6},"end":{"line":44,"column":9}},"loc":{"start":{"line":44,"column":11},"end":{"line":54,"column":7}}},"5":{"name":"(anonymous_5)","decl":{"start":{"line":59,"column":11},"end":{"line":59,"column":16}},"loc":{"start":{"line":59,"column":43},"end":{"line":64,"column":3}}}},"branchMap":{"0":{"loc":{"start":{"line":16,"column":49},"end":{"line":16,"column":65}},"type":"binary-expr","locations":[{"start":{"line":16,"column":49},"end":{"line":16,"column":55}},{"start":{"line":16,"column":59},"end":{"line":16,"column":65}}]},"1":{"loc":{"start":{"line":45,"column":8},"end":{"line":45,"column":48}},"type":"if","locations":[{"start":{"line":45,"column":8},"end":{"line":45,"column":48}}]},"2":{"loc":{"start":{"line":45,"column":12},"end":{"line":45,"column":39}},"type":"binary-expr","locations":[{"start":{"line":45,"column":12},"end":{"line":45,"column":22}},{"start":{"line":45,"column":26},"end":{"line":45,"column":39}}]},"3":{"loc":{"start":{"line":50,"column":8},"end":{"line":50,"column":63}},"type":"if","locations":[{"start":{"line":50,"column":8},"end":{"line":50,"column":63}}]},"4":{"loc":{"start":{"line":52,"column":67},"end":{"line":52,"column":91}},"type":"cond-expr","locations":[{"start":{"line":52,"column":86},"end":{"line":52,"column":87}},{"start":{"line":52,"column":90},"end":{"line":52,"column":91}}]},"5":{"loc":{"start":{"line":60,"column":52},"end":{"line":60,"column":68}},"type":"binary-expr","locations":[{"start":{"line":60,"column":52},"end":{"line":60,"column":58}},{"start":{"line":60,"column":62},"end":{"line":60,"column":68}}]},"6":{"loc":{"start":{"line":63,"column":4},"end":{"line":63,"column":85}},"type":"if","locations":[{"start":{"line":63,"column":4},"end":{"line":63,"column":85}}]}},"s":{"0":6,"1":6,"2":1,"3":1,"4":1,"5":1,"6":1,"7":1,"8":1,"9":1,"10":1,"11":1,"12":1,"13":1,"14":0,"15":0,"16":1,"17":1,"18":0,"19":0,"20":0,"21":0,"22":0,"23":0,"24":0,"25":0,"26":0,"27":0,"28":0,"29":1,"30":1,"31":1,"32":1,"33":0},"f":{"0":6,"1":1,"2":0,"3":1,"4":0,"5":1},"b":{"0":[1,0],"1":[0],"2":[0,0],"3":[0],"4":[0,0],"5":[1,0],"6":[0]}}
}
