TN:
SF:src\index.ts
FN:11,initializePlugin
FNF:1
FNH:1
FNDA:1,initializePlugin
DA:12,1
LF:1
LH:1
BRF:0
BRH:0
end_of_record
TN:
SF:src\platform.ts
FN:10,(anonymous_0)
FN:15,(anonymous_1)
FN:34,(anonymous_2)
FN:40,(anonymous_3)
FN:44,(anonymous_4)
FN:59,(anonymous_5)
FNF:6
FNH:4
FNDA:6,(anonymous_0)
FNDA:1,(anonymous_1)
FNDA:0,(anonymous_2)
FNDA:1,(anonymous_3)
FNDA:0,(anonymous_4)
FNDA:1,(anonymous_5)
DA:11,6
DA:12,6
DA:16,1
DA:18,1
DA:20,1
DA:21,1
DA:22,1
DA:23,1
DA:25,1
DA:26,1
DA:29,1
DA:30,1
DA:32,1
DA:34,1
DA:35,0
DA:36,0
DA:41,1
DA:43,1
DA:45,0
DA:46,0
DA:47,0
DA:48,0
DA:49,0
DA:50,0
DA:51,0
DA:52,0
DA:53,0
DA:60,1
DA:61,1
DA:62,1
DA:63,1
LF:31
LH:20
BRDA:16,0,0,1
BRDA:16,0,1,0
BRDA:45,1,0,0
BRDA:45,2,0,0
BRDA:45,2,1,0
BRDA:50,3,0,0
BRDA:52,4,0,0
BRDA:52,4,1,0
BRDA:60,5,0,1
BRDA:60,5,1,0
BRDA:63,6,0,0
BRF:11
BRH:2
end_of_record
